ERROR:discord.app_commands.tree:Ignoring exception in command 'buy'
Traceback (most recent call last):
  File "/home/runner/workspace/.pythonlibs/lib/python3.11/site-packages/discord/app_commands/commands.py", line 858, in _do_call
    return await self._callback(self.binding, interaction, **params)  # type: ignore
           ^^^^^^^^^^^^^^^^^^^^^^^^^^^^^^^^^^^^^^^^^^^^^^^^^^^^^^^^^
  File "/home/runner/workspace/commands/shop.py", line 120, in buy_slash
    await update_rank(interaction.user.id)
          ^^^^^^^^^^^^^^^^^^^^^^^^^^^^^^^^
TypeError: update_rank() missing 1 required positional argument: 'new_rank'

The above exception was the direct cause of the following exception:

Traceback (most recent call last):
  File "/home/runner/workspace/.pythonlibs/lib/python3.11/site-packages/discord/app_commands/tree.py", line 1297, in _call
    await command._invoke_with_namespace(interaction, namespace)
  File "/home/runner/workspace/.pythonlibs/lib/python3.11/site-packages/discord/app_commands/commands.py", line 884, in _invoke_with_namespace
    return await self._do_call(interaction, transformed_values)
           ^^^^^^^^^^^^^^^^^^^^^^^^^^^^^^^^^^^^^^^^^^^^^^^^^^^^
  File "/home/runner/workspace/.pythonlibs/lib/python3.11/site-packages/discord/app_commands/commands.py", line 873, in _do_call
    raise CommandInvokeError(self, e) from e
discord.app_commands.errors.CommandInvokeError: Command 'buy' raised an exception: TypeError: update_rank() missing 1 required positional argument: 'new_rank'
>>> Bot iniciando...
WARNING:discord.client:PyNaCl is not installed, voice will NOT be supported
keep_alive iniciado.
INFO:discord.client:logging in using static token
 * Serving Flask app ''
 * Debug mode: off
INFO:werkzeug:WARNING: This is a development server. Do not use it in a production deployment. Use a production WSGI server instead.
 * Running on all addresses (0.0.0.0)
 * Running on http://127.0.0.1:8080
 * Running on http://172.31.81.98:8080
INFO:werkzeug:Press CTRL+C to quit
INFO:discord.gateway:Shard ID None has connected to Gateway (Session ID: 23eabe7eb9e05ed4d57c717ae4822288).
Bot listo: economia#5707 (ID: 1439652701288792155)
Slash commands sincronizados: 44
  ✓ explore
  ✓ profile
  ✓ work
  ✓ shop
  ✓ buy
  ✓ jobs
  ✓ apply
  ✓ rob
  ✓ ayuda
  ✓ addmoney
  ✓ setjob
  ✓ resetcooldown
  ✓ blackjack
  ✓ fight
  ✓ bossinfo
  ✓ equip
  ✓ event
  ✓ spawnboss
  ✓ inventario
  ✓ use
  ✓ repair
  ✓ leaderboard
  ✓ misiones
  ✓ completar-mision
  ✓ ofrecer-trade
  ✓ mis-trades
  ✓ vender-item
  ✓ mercado
  ✓ desafiar
  ✓ mis-duelos
  ✓ aceptar-duel
  ✓ crear-club
  ✓ unirse-club
  ✓ club-info
  ✓ salir-club
  ✓ depositar-club
  ✓ retirar-club
  ✓ expulsar-miembro
  ✓ promover-miembro
  ✓ clubs
  ✓ stats-club
  ✓ transferir-liderazgo
  ✓ upgrades-club
  ✓ comprar-upgrade-club
ERROR:discord.app_commands.tree:Ignoring exception in command 'buy'
Traceback (most recent call last):
  File "/home/runner/workspace/.pythonlibs/lib/python3.11/site-packages/discord/app_commands/commands.py", line 858, in _do_call
    return await self._callback(self.binding, interaction, **params)  # type: ignore
           ^^^^^^^^^^^^^^^^^^^^^^^^^^^^^^^^^^^^^^^^^^^^^^^^^^^^^^^^^
  File "/home/runner/workspace/commands/shop.py", line 120, in buy_slash
    await update_rank(interaction.user.id)
          ^^^^^^^^^^^^^^^^^^^^^^^^^^^^^^^^
TypeError: update_rank() missing 1 required positional argument: 'new_rank'

The above exception was the direct cause of the following exception:

Traceback (most recent call last):
  File "/home/runner/workspace/.pythonlibs/lib/python3.11/site-packages/discord/app_commands/tree.py", line 1297, in _call
    await command._invoke_with_namespace(interaction, namespace)
  File "/home/runner/workspace/.pythonlibs/lib/python3.11/site-packages/discord/app_commands/commands.py", line 884, in _invoke_with_namespace
    return await self._do_call(interaction, transformed_values)
           ^^^^^^^^^^^^^^^^^^^^^^^^^^^^^^^^^^^^^^^^^^^^^^^^^^^^
  File "/home/runner/workspace/.pythonlibs/lib/python3.11/site-packages/discord/app_commands/commands.py", line 873, in _do_call
    raise CommandInvokeError(self, e) from e
discord.app_commands.errors.CommandInvokeError: Command 'buy' raised an exception: TypeError: update_rank() missing 1 required positional argument: 'new_rank'
INFO:discord.gateway:Shard ID None has successfully RESUMED session 23eabe7eb9e05ed4d57c717ae4822288.
ERROR:discord.app_commands.tree:Ignoring exception in command 'buy'
Traceback (most recent call last):
  File "/home/runner/workspace/.pythonlibs/lib/python3.11/site-packages/discord/app_commands/commands.py", line 858, in _do_call
    return await self._callback(self.binding, interaction, **params)  # type: ignore
           ^^^^^^^^^^^^^^^^^^^^^^^^^^^^^^^^^^^^^^^^^^^^^^^^^^^^^^^^^
  File "/home/runner/workspace/commands/shop.py", line 120, in buy_slash
    await update_rank(interaction.user.id)
          ^^^^^^^^^^^^^^^^^^^^^^^^^^^^^^^^
TypeError: update_rank() missing 1 required positional argument: 'new_rank'

The above exception was the direct cause of the following exception:

Traceback (most recent call last):
  File "/home/runner/workspace/.pythonlibs/lib/python3.11/site-packages/discord/app_commands/tree.py", line 1297, in _call
    await command._invoke_with_namespace(interaction, namespace)
  File "/home/runner/workspace/.pythonlibs/lib/python3.11/site-packages/discord/app_commands/commands.py", line 884, in _invoke_with_namespace
    return await self._do_call(interaction, transformed_values)
           ^^^^^^^^^^^^^^^^^^^^^^^^^^^^^^^^^^^^^^^^^^^^^^^^^^^^
  File "/home/runner/workspace/.pythonlibs/lib/python3.11/site-packages/discord/app_commands/commands.py", line 873, in _do_call
    raise CommandInvokeError(self, e) from e
discord.app_commands.errors.CommandInvokeError: Command 'buy' raised an exception: TypeError: update_rank() missing 1 required positional argument: 'new_rank'
ERROR:discord.app_commands.tree:Ignoring exception in command 'buy'
Traceback (most recent call last):
  File "/home/runner/workspace/.pythonlibs/lib/python3.11/site-packages/discord/app_commands/commands.py", line 858, in _do_call
    return await self._callback(self.binding, interaction, **params)  # type: ignore
           ^^^^^^^^^^^^^^^^^^^^^^^^^^^^^^^^^^^^^^^^^^^^^^^^^^^^^^^^^
  File "/home/runner/workspace/commands/shop.py", line 120, in buy_slash
    await update_rank(interaction.user.id)
          ^^^^^^^^^^^^^^^^^^^^^^^^^^^^^^^^
TypeError: update_rank() missing 1 required positional argument: 'new_rank'

The above exception was the direct cause of the following exception:

Traceback (most recent call last):
  File "/home/runner/workspace/.pythonlibs/lib/python3.11/site-packages/discord/app_commands/tree.py", line 1297, in _call
    await command._invoke_with_namespace(interaction, namespace)
  File "/home/runner/workspace/.pythonlibs/lib/python3.11/site-packages/discord/app_commands/commands.py", line 884, in _invoke_with_namespace
    return await self._do_call(interaction, transformed_values)
           ^^^^^^^^^^^^^^^^^^^^^^^^^^^^^^^^^^^^^^^^^^^^^^^^^^^^
  File "/home/runner/workspace/.pythonlibs/lib/python3.11/site-packages/discord/app_commands/commands.py", line 873, in _do_call
    raise CommandInvokeError(self, e) from e
discord.app_commands.errors.CommandInvokeError: Command 'buy' raised an exception: TypeError: update_rank() missing 1 required positional argument: 'new_rank'